<?xml version="1.0" encoding="UTF-8"?>
<!-- Generated by org.testng.reporters.JUnitXMLReporter -->
<testsuite ignored="2" hostname="DESKTOP-300BKIO" failures="11" tests="11" name="Surefire test" time="24.555" errors="0" timestamp="2024-01-31T11:25:34 IST">
  <testcase classname="camsMemberPortal.testpackage.memberSignInTest" name="signInTitleTest" time="0.124">
    <failure type="java.lang.NullPointerException">
      <![CDATA[java.lang.NullPointerException
at camsMemberPortal.testpackage.memberSignInTest.signInTitleTest(memberSignInTest.java:19)
at java.base/java.util.ArrayList.forEach(ArrayList.java:1541)
... Removed 32 stack frames]]>
    </failure>
  </testcase> <!-- signInTitleTest -->
  <testcase classname="camsMemberPortal.testpackage.memberSignInTest" name="signInURLTest" time="0.013">
    <failure type="java.lang.NullPointerException">
      <![CDATA[java.lang.NullPointerException
at camsMemberPortal.testpackage.memberSignInTest.signInURLTest(memberSignInTest.java:27)
at java.base/java.util.ArrayList.forEach(ArrayList.java:1541)
... Removed 32 stack frames]]>
    </failure>
  </testcase> <!-- signInURLTest -->
  <testcase classname="camsMemberPortal.testpackage.memberSignInTest" name="validLoginUseEmailTest" time="0.004">
    <failure type="java.lang.NullPointerException">
      <![CDATA[java.lang.NullPointerException
at camsMemberPortal.testpackage.memberSignInTest.validLoginUseEmailTest(memberSignInTest.java:33)
at java.base/java.util.ArrayList.forEach(ArrayList.java:1541)
... Removed 32 stack frames]]>
    </failure>
  </testcase> <!-- validLoginUseEmailTest -->
  <testcase classname="camsMemberPortal.testpackage.memberSignInTest" name="validLoginUsePhoneTest" time="0.006">
    <failure type="java.lang.NullPointerException">
      <![CDATA[java.lang.NullPointerException
at camsMemberPortal.testpackage.memberSignInTest.validLoginUsePhoneTest(memberSignInTest.java:39)
at java.base/java.util.ArrayList.forEach(ArrayList.java:1541)
... Removed 32 stack frames]]>
    </failure>
  </testcase> <!-- validLoginUsePhoneTest -->
  <testcase classname="camsMemberPortal.testpackage.memberSignInTest" name="invalidLoginUseEmail" time="0.013">
    <failure type="java.lang.NullPointerException">
      <![CDATA[java.lang.NullPointerException
at camsMemberPortal.testpackage.memberSignInTest.invalidLoginUseEmail(memberSignInTest.java:45)
at java.base/java.util.ArrayList.forEach(ArrayList.java:1541)
... Removed 32 stack frames]]>
    </failure>
  </testcase> <!-- invalidLoginUseEmail -->
  <testcase classname="camsMemberPortal.testpackage.memberSignInTest" name="invalidLoginUsePhone" time="0.015">
    <failure type="java.lang.NullPointerException">
      <![CDATA[java.lang.NullPointerException
at camsMemberPortal.testpackage.memberSignInTest.invalidLoginUsePhone(memberSignInTest.java:51)
at java.base/java.util.ArrayList.forEach(ArrayList.java:1541)
... Removed 32 stack frames]]>
    </failure>
  </testcase> <!-- invalidLoginUsePhone -->
  <testcase classname="camsMemberPortal.testpackage.memberSignInTest" name="invalidLoginUseWrongemailFormat" time="0.007">
    <failure type="java.lang.NullPointerException">
      <![CDATA[java.lang.NullPointerException
at camsMemberPortal.testpackage.memberSignInTest.invalidLoginUseWrongemailFormat(memberSignInTest.java:58)
at java.base/java.util.ArrayList.forEach(ArrayList.java:1541)
... Removed 32 stack frames]]>
    </failure>
  </testcase> <!-- invalidLoginUseWrongemailFormat -->
  <testcase classname="camsMemberPortal.testpackage.memberSignInTest" name="invalidLoginUseWrongPhoneFormat" time="0.006">
    <failure type="java.lang.NullPointerException">
      <![CDATA[java.lang.NullPointerException
at camsMemberPortal.testpackage.memberSignInTest.invalidLoginUseWrongPhoneFormat(memberSignInTest.java:64)
at java.base/java.util.ArrayList.forEach(ArrayList.java:1541)
... Removed 32 stack frames]]>
    </failure>
  </testcase> <!-- invalidLoginUseWrongPhoneFormat -->
  <testcase classname="camsMemberPortal.testpackage.memberSignInTest" name="forgotpasswordUsindInvalidPhoneTest" time="0.005">
    <failure type="java.lang.NullPointerException">
      <![CDATA[java.lang.NullPointerException
at camsMemberPortal.testpackage.memberSignInTest.forgotpasswordUsindInvalidPhoneTest(memberSignInTest.java:70)
at java.base/java.util.ArrayList.forEach(ArrayList.java:1541)
... Removed 32 stack frames]]>
    </failure>
  </testcase> <!-- forgotpasswordUsindInvalidPhoneTest -->
  <testcase classname="camsMemberPortal.testpackage.memberSignInTest" name="forgotpasswordUsindInvalidEmailTest" time="0.003">
    <failure type="java.lang.NullPointerException">
      <![CDATA[java.lang.NullPointerException
at camsMemberPortal.testpackage.memberSignInTest.forgotpasswordUsindInvalidEmailTest(memberSignInTest.java:79)
at java.base/java.util.ArrayList.forEach(ArrayList.java:1541)
... Removed 32 stack frames]]>
    </failure>
  </testcase> <!-- forgotpasswordUsindInvalidEmailTest -->
  <testcase classname="camsMemberPortal.testpackage.memberSignInTest" name="forgotPasswordUsingValidEmailInvalidOTPTest" time="0.006">
    <failure type="java.lang.NullPointerException">
      <![CDATA[java.lang.NullPointerException
at camsMemberPortal.testpackage.memberSignInTest.forgotPasswordUsingValidEmailInvalidOTPTest(memberSignInTest.java:84)
at java.base/java.util.ArrayList.forEach(ArrayList.java:1541)
... Removed 32 stack frames]]>
    </failure>
  </testcase> <!-- forgotPasswordUsingValidEmailInvalidOTPTest -->
  <testcase classname="camsMemberPortal.base.BaseTest" name="@BeforeTest setup" time="0.0">
    <ignored/>
  </testcase> <!-- @BeforeTest setup -->
  <testcase classname="camsMemberPortal.base.BaseTest" name="@AfterTest tearDown" time="0.0">
    <ignored/>
  </testcase> <!-- @AfterTest tearDown -->
</testsuite> <!-- Surefire test -->
